2022-08-06 10:34:43,500  INFO [TestNG-test=Test-1] SauceDemoMavenProject:43 - browser is opened
2022-08-06 10:34:43,635  INFO [TestNG-test=Test-1] SauceDemoMavenProject:46 - browser is maximized
2022-08-06 10:34:44,832  INFO [TestNG-test=Test-1] SauceDemoMavenProject:49 - url is opened
2022-08-06 10:34:44,839  INFO [TestNG-test=Test-1] SauceDemoMavenProject:52 - implicit wait is applied
2022-08-06 10:34:44,967  INFO [TestNG-test=Test-1] SauceDemoMavenProject:58 - username is entered
2022-08-06 10:34:45,051  INFO [TestNG-test=Test-1] SauceDemoMavenProject:61 - password is entered
2022-08-06 10:34:45,144  INFO [TestNG-test=Test-3] SauceDemoMavenProject:43 - browser is opened
2022-08-06 10:34:45,183  INFO [TestNG-test=Test-1] SauceDemoMavenProject:64 - clicked on login button
2022-08-06 10:34:45,267  INFO [TestNG-test=Test-3] SauceDemoMavenProject:46 - browser is maximized
2022-08-06 10:34:47,262  INFO [TestNG-test=Test-2] SauceDemoMavenProject:43 - browser is opened
2022-08-06 10:34:47,399  INFO [TestNG-test=Test-2] SauceDemoMavenProject:46 - browser is maximized
2022-08-06 10:34:47,594  INFO [TestNG-test=Test-3] SauceDemoMavenProject:49 - url is opened
2022-08-06 10:34:47,601  INFO [TestNG-test=Test-3] SauceDemoMavenProject:52 - implicit wait is applied
2022-08-06 10:34:47,696  INFO [TestNG-test=Test-3] SauceDemoMavenProject:58 - username is entered
2022-08-06 10:34:47,797  INFO [TestNG-test=Test-3] SauceDemoMavenProject:61 - password is entered
2022-08-06 10:34:47,909  INFO [TestNG-test=Test-3] SauceDemoMavenProject:64 - clicked on login button
2022-08-06 10:34:49,268  INFO [TestNG-test=Test-4] SauceDemoMavenProject:43 - browser is opened
2022-08-06 10:34:49,393  INFO [TestNG-test=Test-4] SauceDemoMavenProject:46 - browser is maximized
2022-08-06 10:34:49,696  INFO [TestNG-test=Test-2] SauceDemoMavenProject:49 - url is opened
2022-08-06 10:34:49,701  INFO [TestNG-test=Test-2] SauceDemoMavenProject:52 - implicit wait is applied
2022-08-06 10:34:49,788  INFO [TestNG-test=Test-2] SauceDemoMavenProject:58 - username is entered
2022-08-06 10:34:49,882  INFO [TestNG-test=Test-2] SauceDemoMavenProject:61 - password is entered
2022-08-06 10:34:50,005  INFO [TestNG-test=Test-2] SauceDemoMavenProject:64 - clicked on login button
2022-08-06 10:34:50,882  INFO [TestNG-test=Test-4] SauceDemoMavenProject:49 - url is opened
2022-08-06 10:34:50,886  INFO [TestNG-test=Test-4] SauceDemoMavenProject:52 - implicit wait is applied
2022-08-06 10:34:50,979  INFO [TestNG-test=Test-4] SauceDemoMavenProject:58 - username is entered
2022-08-06 10:34:51,065  INFO [TestNG-test=Test-4] SauceDemoMavenProject:61 - password is entered
2022-08-06 10:34:51,176  INFO [TestNG-test=Test-4] SauceDemoMavenProject:64 - clicked on login button
2022-08-06 10:38:02,302  INFO [TestNG-test=chromeTest-1] SauceDemoMavenProject:43 - browser is opened
2022-08-06 10:38:02,430  INFO [TestNG-test=chromeTest-1] SauceDemoMavenProject:46 - browser is maximized
2022-08-06 10:38:03,430  INFO [TestNG-test=chromeTest-1] SauceDemoMavenProject:49 - url is opened
2022-08-06 10:38:03,438  INFO [TestNG-test=chromeTest-1] SauceDemoMavenProject:52 - implicit wait is applied
2022-08-06 10:38:03,552  INFO [TestNG-test=chromeTest-1] SauceDemoMavenProject:58 - username is entered
2022-08-06 10:38:03,694  INFO [TestNG-test=chromeTest-1] SauceDemoMavenProject:61 - password is entered
2022-08-06 10:38:03,902  INFO [TestNG-test=chromeTest-1] SauceDemoMavenProject:64 - clicked on login button
2022-08-06 10:38:04,042  INFO [TestNG-test=chromeTest-3] SauceDemoMavenProject:43 - browser is opened
2022-08-06 10:38:04,171  INFO [TestNG-test=chromeTest-3] SauceDemoMavenProject:46 - browser is maximized
2022-08-06 10:38:06,392  INFO [TestNG-test=chromeTest-3] SauceDemoMavenProject:49 - url is opened
2022-08-06 10:38:06,397  INFO [TestNG-test=chromeTest-3] SauceDemoMavenProject:52 - implicit wait is applied
2022-08-06 10:38:06,451  INFO [TestNG-test=chromeTest-4] SauceDemoMavenProject:43 - browser is opened
2022-08-06 10:38:06,534  INFO [TestNG-test=chromeTest-3] SauceDemoMavenProject:58 - username is entered
2022-08-06 10:38:06,573  INFO [TestNG-test=chromeTest-4] SauceDemoMavenProject:46 - browser is maximized
2022-08-06 10:38:06,634  INFO [TestNG-test=chromeTest-3] SauceDemoMavenProject:61 - password is entered
2022-08-06 10:38:06,756  INFO [TestNG-test=chromeTest-3] SauceDemoMavenProject:64 - clicked on login button
2022-08-06 10:38:07,381  INFO [TestNG-test=chromeTest-4] SauceDemoMavenProject:49 - url is opened
2022-08-06 10:38:07,389  INFO [TestNG-test=chromeTest-4] SauceDemoMavenProject:52 - implicit wait is applied
2022-08-06 10:38:07,494  INFO [TestNG-test=chromeTest-4] SauceDemoMavenProject:58 - username is entered
2022-08-06 10:38:07,567  INFO [TestNG-test=chromeTest-4] SauceDemoMavenProject:61 - password is entered
2022-08-06 10:38:07,689  INFO [TestNG-test=chromeTest-4] SauceDemoMavenProject:64 - clicked on login button
2022-08-06 10:38:08,435  INFO [TestNG-test=chromeTest-2] SauceDemoMavenProject:43 - browser is opened
2022-08-06 10:38:08,570  INFO [TestNG-test=chromeTest-2] SauceDemoMavenProject:46 - browser is maximized
2022-08-06 10:38:10,471  INFO [TestNG-test=chromeTest-2] SauceDemoMavenProject:49 - url is opened
2022-08-06 10:38:10,477  INFO [TestNG-test=chromeTest-2] SauceDemoMavenProject:52 - implicit wait is applied
2022-08-06 10:38:10,583  INFO [TestNG-test=chromeTest-2] SauceDemoMavenProject:58 - username is entered
2022-08-06 10:38:10,664  INFO [TestNG-test=chromeTest-2] SauceDemoMavenProject:61 - password is entered
2022-08-06 10:38:10,780  INFO [TestNG-test=chromeTest-2] SauceDemoMavenProject:64 - clicked on login button
2022-08-06 10:38:18,660  INFO [TestNG-test=edgeTest-2] SauceDemoMavenProject:43 - browser is opened
2022-08-06 10:38:18,684  INFO [TestNG-test=edgeTest-1] SauceDemoMavenProject:43 - browser is opened
2022-08-06 10:38:18,856  INFO [TestNG-test=edgeTest-3] SauceDemoMavenProject:43 - browser is opened
2022-08-06 10:38:18,875  INFO [TestNG-test=edgeTest-1] SauceDemoMavenProject:46 - browser is maximized
2022-08-06 10:38:19,040  INFO [TestNG-test=edgeTest-2] SauceDemoMavenProject:46 - browser is maximized
2022-08-06 10:38:19,060  INFO [TestNG-test=edgeTest-3] SauceDemoMavenProject:46 - browser is maximized
2022-08-06 10:38:19,680  INFO [TestNG-test=edgeTest-4] SauceDemoMavenProject:43 - browser is opened
2022-08-06 10:38:19,886  INFO [TestNG-test=edgeTest-4] SauceDemoMavenProject:46 - browser is maximized
2022-08-06 10:38:20,628  INFO [TestNG-test=edgeTest-3] SauceDemoMavenProject:49 - url is opened
2022-08-06 10:38:20,629  INFO [TestNG-test=edgeTest-2] SauceDemoMavenProject:49 - url is opened
2022-08-06 10:38:20,636  INFO [TestNG-test=edgeTest-2] SauceDemoMavenProject:52 - implicit wait is applied
2022-08-06 10:38:20,637  INFO [TestNG-test=edgeTest-3] SauceDemoMavenProject:52 - implicit wait is applied
2022-08-06 10:38:20,647  INFO [TestNG-test=edgeTest-1] SauceDemoMavenProject:49 - url is opened
2022-08-06 10:38:20,661  INFO [TestNG-test=edgeTest-1] SauceDemoMavenProject:52 - implicit wait is applied
2022-08-06 10:38:20,807  INFO [TestNG-test=edgeTest-3] SauceDemoMavenProject:58 - username is entered
2022-08-06 10:38:20,807  INFO [TestNG-test=edgeTest-2] SauceDemoMavenProject:58 - username is entered
2022-08-06 10:38:20,812  INFO [TestNG-test=edgeTest-1] SauceDemoMavenProject:58 - username is entered
2022-08-06 10:38:20,955  INFO [TestNG-test=edgeTest-3] SauceDemoMavenProject:61 - password is entered
2022-08-06 10:38:20,976  INFO [TestNG-test=edgeTest-2] SauceDemoMavenProject:61 - password is entered
2022-08-06 10:38:20,991  INFO [TestNG-test=edgeTest-1] SauceDemoMavenProject:61 - password is entered
2022-08-06 10:38:21,246  INFO [TestNG-test=edgeTest-1] SauceDemoMavenProject:64 - clicked on login button
2022-08-06 10:38:21,246  INFO [TestNG-test=edgeTest-3] SauceDemoMavenProject:64 - clicked on login button
2022-08-06 10:38:21,279  INFO [TestNG-test=edgeTest-2] SauceDemoMavenProject:64 - clicked on login button
2022-08-06 10:38:24,395  INFO [TestNG-test=edgeTest-4] SauceDemoMavenProject:49 - url is opened
2022-08-06 10:38:24,399  INFO [TestNG-test=edgeTest-4] SauceDemoMavenProject:52 - implicit wait is applied
2022-08-06 10:38:24,505  INFO [TestNG-test=edgeTest-4] SauceDemoMavenProject:58 - username is entered
2022-08-06 10:38:24,577  INFO [TestNG-test=edgeTest-4] SauceDemoMavenProject:61 - password is entered
2022-08-06 10:38:24,703  INFO [TestNG-test=edgeTest-4] SauceDemoMavenProject:64 - clicked on login button
